android/app/build/intermediates/manifest_merge_blame_file/debug/manifest-merger-blame-debug-report.txt
1<?xml version="1.0" encoding="utf-8"?>
2<manifest xmlns:android="http://schemas.android.com/apk/res/android"
3    package="com.sna.sdk.testapp"
4    android:versionCode="1"
5    android:versionName="1.0" >
6
7    <uses-sdk
8        android:minSdkVersion="21"
9        android:targetSdkVersion="34" />
10
11    <!-- Needed to enumerate SIM/eSIM subscriptions on many devices (runtime permission). -->
12    <uses-permission android:name="android.permission.READ_PHONE_STATE" />
12-->src/main/AndroidManifest.xml:5:5-75
12-->src/main/AndroidManifest.xml:5:22-72
13    <!-- Android 13+: some subscription details may require the "basic" phone state permission. -->
14    <uses-permission android:name="android.permission.READ_BASIC_PHONE_STATE" />
14-->src/main/AndroidManifest.xml:7:5-81
14-->src/main/AndroidManifest.xml:7:22-78
15    <uses-permission android:name="android.permission.ACCESS_NETWORK_STATE" />
15-->src/main/AndroidManifest.xml:8:5-79
15-->src/main/AndroidManifest.xml:8:22-76
16    <uses-permission android:name="android.permission.INTERNET" />
16-->src/main/AndroidManifest.xml:9:5-67
16-->src/main/AndroidManifest.xml:9:22-64
17    <!-- Required on Android 13+ to access the advertising ID (GAID) -->
18    <uses-permission android:name="com.google.android.gms.permission.AD_ID" />
18-->src/main/AndroidManifest.xml:11:5-79
18-->src/main/AndroidManifest.xml:11:22-76
19    <!-- Required for ConnectivityManager.requestNetwork() used to acquire cellular for SNA calls. -->
20    <uses-permission android:name="android.permission.CHANGE_NETWORK_STATE" />
20-->[:sna-sdk] AndroidManifest.xml:11:5-79
20-->[:sna-sdk] AndroidManifest.xml:11:22-76
21
22    <queries>
22-->[:otp-sdk] AndroidManifest.xml:7:5-10:15
23        <package android:name="com.whatsapp" />
23-->[:otp-sdk] AndroidManifest.xml:8:9-48
23-->[:otp-sdk] AndroidManifest.xml:8:18-45
24        <package android:name="com.whatsapp.w4b" />
24-->[:otp-sdk] AndroidManifest.xml:9:9-52
24-->[:otp-sdk] AndroidManifest.xml:9:18-49
25    </queries>
26
27    <permission
27-->[androidx.core:core:1.12.0] AndroidManifest.xml:22:5-24:47
28        android:name="com.sna.sdk.testapp.DYNAMIC_RECEIVER_NOT_EXPORTED_PERMISSION"
28-->[androidx.core:core:1.12.0] AndroidManifest.xml:23:9-81
29        android:protectionLevel="signature" />
29-->[androidx.core:core:1.12.0] AndroidManifest.xml:24:9-44
30
31    <uses-permission android:name="com.sna.sdk.testapp.DYNAMIC_RECEIVER_NOT_EXPORTED_PERMISSION" />
31-->[androidx.core:core:1.12.0] AndroidManifest.xml:26:5-97
31-->[androidx.core:core:1.12.0] AndroidManifest.xml:26:22-94
32    <uses-permission android:name="com.google.android.finsky.permission.BIND_GET_INSTALL_REFERRER_SERVICE" />
32-->[com.android.installreferrer:installreferrer:2.2] AndroidManifest.xml:9:5-110
32-->[com.android.installreferrer:installreferrer:2.2] AndroidManifest.xml:9:22-107
33
34    <application
34-->src/main/AndroidManifest.xml:13:5-29:19
35        android:allowBackup="true"
35-->src/main/AndroidManifest.xml:14:9-35
36        android:appComponentFactory="androidx.core.app.CoreComponentFactory"
36-->[androidx.core:core:1.12.0] AndroidManifest.xml:28:18-86
37        android:debuggable="true"
38        android:extractNativeLibs="true"
39        android:icon="@mipmap/ic_launcher"
39-->src/main/AndroidManifest.xml:15:9-43
40        android:label="SNA SDK Test"
40-->src/main/AndroidManifest.xml:16:9-37
41        android:networkSecurityConfig="@xml/network_security_config"
41-->src/main/AndroidManifest.xml:18:9-69
42        android:theme="@style/Theme.AppCompat.Light.DarkActionBar"
42-->src/main/AndroidManifest.xml:17:9-67
43        android:usesCleartextTraffic="true" >
43-->src/main/AndroidManifest.xml:19:9-44
44        <activity
44-->src/main/AndroidManifest.xml:21:9-28:20
45            android:name="com.sna.sdk.testapp.MainActivity"
45-->src/main/AndroidManifest.xml:22:13-41
46            android:exported="true" >
46-->src/main/AndroidManifest.xml:23:13-36
47            <intent-filter>
47-->src/main/AndroidManifest.xml:24:13-27:29
48                <action android:name="android.intent.action.MAIN" />
48-->src/main/AndroidManifest.xml:25:17-69
48-->src/main/AndroidManifest.xml:25:25-66
49
50                <category android:name="android.intent.category.LAUNCHER" />
50-->src/main/AndroidManifest.xml:26:17-77
50-->src/main/AndroidManifest.xml:26:27-74
51            </intent-filter>
52        </activity>
53
54        <receiver
54-->[:otp-sdk] AndroidManifest.xml:13:9-21:20
55            android:name="com.otplesssdk.otp.receiver.SmsRetrieverReceiver"
55-->[:otp-sdk] AndroidManifest.xml:14:13-76
56            android:enabled="true"
56-->[:otp-sdk] AndroidManifest.xml:15:13-35
57            android:exported="true"
57-->[:otp-sdk] AndroidManifest.xml:16:13-36
58            android:permission="com.google.android.gms.auth.api.phone.permission.SEND" >
58-->[:otp-sdk] AndroidManifest.xml:17:13-87
59            <intent-filter>
59-->[:otp-sdk] AndroidManifest.xml:18:13-20:29
60                <action android:name="com.google.android.gms.auth.api.phone.SMS_RETRIEVED" />
60-->[:otp-sdk] AndroidManifest.xml:19:17-94
60-->[:otp-sdk] AndroidManifest.xml:19:25-91
61            </intent-filter>
62        </receiver>
63        <receiver
63-->[:otp-sdk] AndroidManifest.xml:22:9-29:20
64            android:name="com.otplesssdk.otp.receiver.WhatsAppOtpReceiver"
64-->[:otp-sdk] AndroidManifest.xml:23:13-75
65            android:enabled="true"
65-->[:otp-sdk] AndroidManifest.xml:24:13-35
66            android:exported="true" >
66-->[:otp-sdk] AndroidManifest.xml:25:13-36
67            <intent-filter>
67-->[:otp-sdk] AndroidManifest.xml:26:13-28:29
68                <action android:name="com.whatsapp.otp.OTP_RETRIEVED" />
68-->[:otp-sdk] AndroidManifest.xml:27:17-73
68-->[:otp-sdk] AndroidManifest.xml:27:25-70
69            </intent-filter>
70        </receiver>
71        <receiver
71-->[:otp-sdk] AndroidManifest.xml:30:9-37:20
72            android:name="com.otplesssdk.otp.receiver.WhatsAppOtpErrorReceiver"
72-->[:otp-sdk] AndroidManifest.xml:31:13-80
73            android:enabled="true"
73-->[:otp-sdk] AndroidManifest.xml:32:13-35
74            android:exported="true" >
74-->[:otp-sdk] AndroidManifest.xml:33:13-36
75            <intent-filter>
75-->[:otp-sdk] AndroidManifest.xml:34:13-36:29
76                <action android:name="com.whatsapp.otp.OTP_ERROR" />
76-->[:otp-sdk] AndroidManifest.xml:35:17-69
76-->[:otp-sdk] AndroidManifest.xml:35:25-66
77            </intent-filter>
78        </receiver>
79
80        <provider
80-->[androidx.emoji2:emoji2:1.2.0] AndroidManifest.xml:24:9-32:20
81            android:name="androidx.startup.InitializationProvider"
81-->[androidx.emoji2:emoji2:1.2.0] AndroidManifest.xml:25:13-67
82            android:authorities="com.sna.sdk.testapp.androidx-startup"
82-->[androidx.emoji2:emoji2:1.2.0] AndroidManifest.xml:26:13-68
83            android:exported="false" >
83-->[androidx.emoji2:emoji2:1.2.0] AndroidManifest.xml:27:13-37
84            <meta-data
84-->[androidx.emoji2:emoji2:1.2.0] AndroidManifest.xml:29:13-31:52
85                android:name="androidx.emoji2.text.EmojiCompatInitializer"
85-->[androidx.emoji2:emoji2:1.2.0] AndroidManifest.xml:30:17-75
86                android:value="androidx.startup" />
86-->[androidx.emoji2:emoji2:1.2.0] AndroidManifest.xml:31:17-49
87            <meta-data
87-->[androidx.lifecycle:lifecycle-process:2.6.1] AndroidManifest.xml:29:13-31:52
88                android:name="androidx.lifecycle.ProcessLifecycleInitializer"
88-->[androidx.lifecycle:lifecycle-process:2.6.1] AndroidManifest.xml:30:17-78
89                android:value="androidx.startup" />
89-->[androidx.lifecycle:lifecycle-process:2.6.1] AndroidManifest.xml:31:17-49
90            <meta-data
90-->[androidx.profileinstaller:profileinstaller:1.3.0] AndroidManifest.xml:29:13-31:52
91                android:name="androidx.profileinstaller.ProfileInstallerInitializer"
91-->[androidx.profileinstaller:profileinstaller:1.3.0] AndroidManifest.xml:30:17-85
92                android:value="androidx.startup" />
92-->[androidx.profileinstaller:profileinstaller:1.3.0] AndroidManifest.xml:31:17-49
93        </provider>
94
95        <activity
95-->[com.google.android.gms:play-services-auth:21.4.0] AndroidManifest.xml:23:9-27:75
96            android:name="com.google.android.gms.auth.api.signin.internal.SignInHubActivity"
96-->[com.google.android.gms:play-services-auth:21.4.0] AndroidManifest.xml:24:13-93
97            android:excludeFromRecents="true"
97-->[com.google.android.gms:play-services-auth:21.4.0] AndroidManifest.xml:25:13-46
98            android:exported="false"
98-->[com.google.android.gms:play-services-auth:21.4.0] AndroidManifest.xml:26:13-37
99            android:theme="@android:style/Theme.Translucent.NoTitleBar" />
99-->[com.google.android.gms:play-services-auth:21.4.0] AndroidManifest.xml:27:13-72
100        <!--
101            Service handling Google Sign-In user revocation. For apps that do not integrate with
102            Google Sign-In, this service will never be started.
103        -->
104        <service
104-->[com.google.android.gms:play-services-auth:21.4.0] AndroidManifest.xml:33:9-37:51
105            android:name="com.google.android.gms.auth.api.signin.RevocationBoundService"
105-->[com.google.android.gms:play-services-auth:21.4.0] AndroidManifest.xml:34:13-89
106            android:exported="true"
106-->[com.google.android.gms:play-services-auth:21.4.0] AndroidManifest.xml:35:13-36
107            android:permission="com.google.android.gms.auth.api.signin.permission.REVOCATION_NOTIFICATION"
107-->[com.google.android.gms:play-services-auth:21.4.0] AndroidManifest.xml:36:13-107
108            android:visibleToInstantApps="true" />
108-->[com.google.android.gms:play-services-auth:21.4.0] AndroidManifest.xml:37:13-48
109
110        <activity
110-->[com.google.android.gms:play-services-base:18.5.0] AndroidManifest.xml:5:9-173
111            android:name="com.google.android.gms.common.api.GoogleApiActivity"
111-->[com.google.android.gms:play-services-base:18.5.0] AndroidManifest.xml:5:19-85
112            android:exported="false"
112-->[com.google.android.gms:play-services-base:18.5.0] AndroidManifest.xml:5:146-170
113            android:theme="@android:style/Theme.Translucent.NoTitleBar" />
113-->[com.google.android.gms:play-services-base:18.5.0] AndroidManifest.xml:5:86-145
114
115        <meta-data
115-->[com.google.android.gms:play-services-basement:18.5.0] AndroidManifest.xml:21:9-23:69
116            android:name="com.google.android.gms.version"
116-->[com.google.android.gms:play-services-basement:18.5.0] AndroidManifest.xml:22:13-58
117            android:value="@integer/google_play_services_version" />
117-->[com.google.android.gms:play-services-basement:18.5.0] AndroidManifest.xml:23:13-66
118
119        <receiver
119-->[androidx.profileinstaller:profileinstaller:1.3.0] AndroidManifest.xml:34:9-52:20
120            android:name="androidx.profileinstaller.ProfileInstallReceiver"
120-->[androidx.profileinstaller:profileinstaller:1.3.0] AndroidManifest.xml:35:13-76
121            android:directBootAware="false"
121-->[androidx.profileinstaller:profileinstaller:1.3.0] AndroidManifest.xml:36:13-44
122            android:enabled="true"
122-->[androidx.profileinstaller:profileinstaller:1.3.0] AndroidManifest.xml:37:13-35
123            android:exported="true"
123-->[androidx.profileinstaller:profileinstaller:1.3.0] AndroidManifest.xml:38:13-36
124            android:permission="android.permission.DUMP" >
124-->[androidx.profileinstaller:profileinstaller:1.3.0] AndroidManifest.xml:39:13-57
125            <intent-filter>
125-->[androidx.profileinstaller:profileinstaller:1.3.0] AndroidManifest.xml:40:13-42:29
126                <action android:name="androidx.profileinstaller.action.INSTALL_PROFILE" />
126-->[androidx.profileinstaller:profileinstaller:1.3.0] AndroidManifest.xml:41:17-91
126-->[androidx.profileinstaller:profileinstaller:1.3.0] AndroidManifest.xml:41:25-88
127            </intent-filter>
128            <intent-filter>
128-->[androidx.profileinstaller:profileinstaller:1.3.0] AndroidManifest.xml:43:13-45:29
129                <action android:name="androidx.profileinstaller.action.SKIP_FILE" />
129-->[androidx.profileinstaller:profileinstaller:1.3.0] AndroidManifest.xml:44:17-85
129-->[androidx.profileinstaller:profileinstaller:1.3.0] AndroidManifest.xml:44:25-82
130            </intent-filter>
131            <intent-filter>
131-->[androidx.profileinstaller:profileinstaller:1.3.0] AndroidManifest.xml:46:13-48:29
132                <action android:name="androidx.profileinstaller.action.SAVE_PROFILE" />
132-->[androidx.profileinstaller:profileinstaller:1.3.0] AndroidManifest.xml:47:17-88
132-->[androidx.profileinstaller:profileinstaller:1.3.0] AndroidManifest.xml:47:25-85
133            </intent-filter>
134            <intent-filter>
134-->[androidx.profileinstaller:profileinstaller:1.3.0] AndroidManifest.xml:49:13-51:29
135                <action android:name="androidx.profileinstaller.action.BENCHMARK_OPERATION" />
135-->[androidx.profileinstaller:profileinstaller:1.3.0] AndroidManifest.xml:50:17-95
135-->[androidx.profileinstaller:profileinstaller:1.3.0] AndroidManifest.xml:50:25-92
136            </intent-filter>
137        </receiver> <!-- The activities will be merged into the manifest of the hosting app. -->
138        <activity
138-->[com.google.android.play:core-common:2.0.4] AndroidManifest.xml:14:9-18:65
139            android:name="com.google.android.play.core.common.PlayCoreDialogWrapperActivity"
139-->[com.google.android.play:core-common:2.0.4] AndroidManifest.xml:15:13-93
140            android:exported="false"
140-->[com.google.android.play:core-common:2.0.4] AndroidManifest.xml:16:13-37
141            android:stateNotNeeded="true"
141-->[com.google.android.play:core-common:2.0.4] AndroidManifest.xml:17:13-42
142            android:theme="@style/Theme.PlayCore.Transparent" />
142-->[com.google.android.play:core-common:2.0.4] AndroidManifest.xml:18:13-62
143    </application>
144
145</manifest>